make.exe all --print-data-base --no-builtin-variables --no-builtin-rules --question
# GNU Make 3.81
# Copyright (C) 2006  Free Software Foundation, Inc.
# ï¿½ï¿½ï¿½ï¿½Íƒtï¿½ï¿½ï¿½[ï¿½\ï¿½tï¿½gï¿½Eï¿½Fï¿½Aï¿½Å‚ï¿½. ï¿½ï¿½ï¿½pï¿½ï¿½ï¿½ï¿½ï¿½É‚Â‚ï¿½ï¿½Ä‚Íƒ\ï¿½[ï¿½Xï¿½ï¿½
# ï¿½ï¿½ï¿½ï¿½ï¿½ï¿½ï¿½ï¿½ï¿½ï¿½ï¿½ï¿½.
# ï¿½ï¿½ï¿½Æï¿½ï¿½ï¿½ï¿½ï¿½ï¿½Ì–Ú“Iï¿½Ö‚Ì“Kï¿½ï¿½ï¿½ï¿½ï¿½Ì”@ï¿½ï¿½ï¿½ÉŠÖ‚ï¿½ç‚¸, ï¿½ï¿½ï¿½ÛØ‚Å‚ï¿½.

# This program built for i386-pc-mingw32
 

# Make ï¿½fï¿½[ï¿½^ï¿½xï¿½[ï¿½Xï¿½oï¿½ï¿½ Sun May 15 13:00:43 2022

# ï¿½Ïï¿½

# ï¿½ï¿½ï¿½ï¿½ï¿½Ïï¿½
<D = $(patsubst %/,%,$(dir $<))
# ï¿½ï¿½ï¿½ï¿½ï¿½Ïï¿½
?F = $(notdir $?)
# makefile ï¿½Ïï¿½
MAKEFLAGS = Rrqp
# ï¿½Â‹ï¿½ï¿½Ïï¿½
VSCODE_LOG_NATIVE = false
# ï¿½ï¿½ï¿½ï¿½ï¿½Ïï¿½
?D = $(patsubst %/,%,$(dir $?))
# ï¿½ï¿½ï¿½ï¿½ï¿½Ïï¿½
@D = $(patsubst %/,%,$(dir $@))
# ï¿½Â‹ï¿½ï¿½Ïï¿½
HOMEDRIVE = C:
# ï¿½ï¿½ï¿½ï¿½ï¿½Ïï¿½
@F = $(notdir $@)
# ï¿½ï¿½ï¿½ï¿½ï¿½Ïï¿½
^D = $(patsubst %/,%,$(dir $^))
# makefile ï¿½Ïï¿½
CURDIR := c:/Users/test/Documents/Projects/shakyou-api
# ï¿½fï¿½tï¿½Hï¿½ï¿½ï¿½g
SHELL := sh.exe
# ï¿½Â‹ï¿½ï¿½Ïï¿½
WINDIR = C:\WINDOWS
# ï¿½Â‹ï¿½ï¿½Ïï¿½
VSCODE_NLS_CONFIG = {"locale":"ja","availableLanguages":{"*":"ja"},"_languagePackId":"f5b8523d60216379ef9ba6dc243eb093.ja","_translationsConfigFile":"C:\\Users\\test\\AppData\\Roaming\\Code\\clp\\f5b8523d60216379ef9ba6dc243eb093.ja\\tcf.json","_cacheRoot":"C:\\Users\\test\\AppData\\Roaming\\Code\\clp\\f5b8523d60216379ef9ba6dc243eb093.ja","_resolvedLanguagePackCoreLocation":"C:\\Users\\test\\AppData\\Roaming\\Code\\clp\\f5b8523d60216379ef9ba6dc243eb093.ja\\da15b6fd3ef856477bf6f4fb29ba1b7af717770d","_corruptedFile":"C:\\Users\\test\\AppData\\Roaming\\Code\\clp\\f5b8523d60216379ef9ba6dc243eb093.ja\\corrupted.info","_languagePackSupport":true}
# ï¿½Â‹ï¿½ï¿½Ïï¿½
ONEDRIVE = C:\Users\test\OneDrive
# ï¿½Â‹ï¿½ï¿½Ïï¿½
PATHEXT = .COM;.EXE;.BAT;.CMD;.VBS;.VBE;.JS;.JSE;.WSF;.WSH;.MSC;.PY;.PYW
# makefile ï¿½Ïï¿½ (`makefile', 1 ï¿½sï¿½Ú‚ï¿½ï¿½ï¿½)
MAKEFILE_LIST :=  makefile
# ï¿½Â‹ï¿½ï¿½Ïï¿½
TMP = C:\Users\test\AppData\Local\Temp
# ï¿½Â‹ï¿½ï¿½Ïï¿½
VSCODE_VERBOSE_LOGGING = true
# ï¿½Â‹ï¿½ï¿½Ïï¿½
PROGRAMW6432 = C:\Program Files
# ï¿½Â‹ï¿½ï¿½Ïï¿½
PROGRAMDATA = C:\ProgramData
# ï¿½Â‹ï¿½ï¿½Ïï¿½
VSCODE_IPC_HOOK_EXTHOST = \\.\pipe\vscode-ipc-80cbc273-e634-407b-92e6-0b36fdaf058c-sock
# ï¿½Â‹ï¿½ï¿½Ïï¿½
VSCODE_CWD = C:\Users\test\AppData\Local\Programs\Microsoft VS Code
# ï¿½Â‹ï¿½ï¿½Ïï¿½
PATH = C:\Program Files\Common Files\Oracle\Java\javapath;C:\Python310\Scripts\;C:\Python310\;C:\Python39\Scripts\;C:\Python39\;C:\Windows\system32;C:\Windows;C:\Windows\System32\Wbem;C:\Windows\System32\WindowsPowerShell\v1.0\;C:\Windows\System32\OpenSSH\;C:\Program Files (x86)\NVIDIA Corporation\PhysX\Common;C:\Program Files\NVIDIA Corporation\NVIDIA NvDLISR;C:\ProgramData\chocolatey\bin;C:\Program Files\CMake\bin;C:\Program Files\dotnet\;C:\Program Files (x86)\GnuWin32\bin;C:\Program Files\Git\cmd;C:\WINDOWS\system32;C:\WINDOWS;C:\WINDOWS\System32\Wbem;C:\WINDOWS\System32\WindowsPowerShell\v1.0\;C:\WINDOWS\System32\OpenSSH\;C:\Program Files\heroku\bin;C:\Program Files\nodejs\;C:\Program Files\Go\bin;C:\Program Files\Docker\Docker\resources\bin;C:\ProgramData\DockerDesktop\version-bin;C:\Users\test\.cargo\bin;C:\Users\test\AppData\Local\Programs\Python\Python38\Scripts\;C:\Users\test\AppData\Local\Programs\Python\Python38\;C:\Users\test\AppData\Local\Microsoft\WindowsApps;C:\Program Files\JetBrains\IntelliJ IDEA Community Edition 2020.2.2\bin;;C:\Program Files (x86)\Nmap;C:\Users\test\AppData\Local\GitHubDesktop\bin;C:\Users\test\.dotnet\tools;C:\Users\test\AppData\Local\Programs\Microsoft VS Code\bin;C:\Program Files\heroku\bin;C:\Users\test\AppData\Roaming\npm;C:\Users\test\go\bin
# ï¿½Â‹ï¿½ï¿½Ïï¿½
COMMONPROGRAMW6432 = C:\Program Files\Common Files
# ï¿½Â‹ï¿½ï¿½Ïï¿½
CHOCOLATEYLASTPATHUPDATE = 132510403984644531
# ï¿½Â‹ï¿½ï¿½Ïï¿½
PROCESSOR_ARCHITECTURE = x86
# ï¿½Â‹ï¿½ï¿½Ïï¿½
USERPROFILE = C:\Users\test
# ï¿½Â‹ï¿½ï¿½Ïï¿½
CHOCOLATEYINSTALL = C:\ProgramData\chocolatey
# ï¿½Â‹ï¿½ï¿½Ïï¿½
ALLUSERSPROFILE = C:\ProgramData
# ï¿½Â‹ï¿½ï¿½Ïï¿½
GOPATH = C:\Users\test\go
# ï¿½Â‹ï¿½ï¿½Ïï¿½
VSCODE_LOG_STACK = false
# ï¿½Â‹ï¿½ï¿½Ïï¿½
NUMBER_OF_PROCESSORS = 24
# ï¿½Â‹ï¿½ï¿½Ïï¿½
ELECTRON_RUN_AS_NODE = 1
# ï¿½fï¿½tï¿½Hï¿½ï¿½ï¿½g
.FEATURES := target-specific order-only second-expansion else-if archives
# ï¿½ï¿½ï¿½ï¿½ï¿½Ïï¿½
%F = $(notdir $%)
# ï¿½Â‹ï¿½ï¿½Ïï¿½
CHROME_CRASHPAD_PIPE_NAME = \\.\pipe\crashpad_7856_USLJTVTSTPCMKBBF
# ï¿½Â‹ï¿½ï¿½Ïï¿½
VSCODE_PIPE_LOGGING = true
# ï¿½Â‹ï¿½ï¿½Ïï¿½
COMPUTERNAME = DESKTOP-Q4J6BMT
# ï¿½Â‹ï¿½ï¿½Ïï¿½
PROGRAMFILES = C:\Program Files (x86)
# ï¿½Â‹ï¿½ï¿½Ïï¿½
DRIVERDATA = C:\Windows\System32\Drivers\DriverData
# ï¿½Â‹ï¿½ï¿½Ïï¿½
ORIGINAL_XDG_CURRENT_DESKTOP = undefined
# ï¿½Â‹ï¿½ï¿½Ïï¿½
USERNAME = test
# ï¿½Â‹ï¿½ï¿½Ïï¿½
PUBLIC = C:\Users\Public
# ï¿½Â‹ï¿½ï¿½Ïï¿½
VSCODE_AMD_ENTRYPOINT = vs/workbench/api/node/extensionHostProcess
# ï¿½Â‹ï¿½ï¿½Ïï¿½
VSCODE_CODE_CACHE_PATH = C:\Users\test\AppData\Roaming\Code\CachedData\da15b6fd3ef856477bf6f4fb29ba1b7af717770d
# ï¿½Â‹ï¿½ï¿½Ïï¿½
APPLICATION_INSIGHTS_NO_DIAGNOSTIC_CHANNEL = true
# ï¿½Â‹ï¿½ï¿½Ïï¿½
COMMONPROGRAMFILES = C:\Program Files (x86)\Common Files
# ï¿½Â‹ï¿½ï¿½Ïï¿½
LOGONSERVER = \\DESKTOP-Q4J6BMT
# ï¿½Â‹ï¿½ï¿½Ïï¿½
ONEDRIVECONSUMER = C:\Users\test\OneDrive
# ï¿½Â‹ï¿½ï¿½Ïï¿½
VSCODE_HANDLES_UNCAUGHT_ERRORS = true
# ï¿½Â‹ï¿½ï¿½Ïï¿½
USERDOMAIN = DESKTOP-Q4J6BMT
# ï¿½Â‹ï¿½ï¿½Ïï¿½
INTELLIJ IDEA COMMUNITY EDITION = C:\Program Files\JetBrains\IntelliJ IDEA Community Edition 2020.2.2\bin;
# ï¿½fï¿½tï¿½Hï¿½ï¿½ï¿½g
MAKE = $(MAKE_COMMAND)
# ï¿½fï¿½tï¿½Hï¿½ï¿½ï¿½g
MAKECMDGOALS := all
# ï¿½fï¿½tï¿½Hï¿½ï¿½ï¿½g
MAKE_VERSION := 3.81
# makefile ï¿½Ïï¿½
.DEFAULT_GOAL := up
# ï¿½Â‹ï¿½ï¿½Ïï¿½
PROGRAMFILES(X86) = C:\Program Files (x86)
# ï¿½ï¿½ï¿½ï¿½ï¿½Ïï¿½
%D = $(patsubst %/,%,$(dir $%))
# ï¿½Â‹ï¿½ï¿½Ïï¿½
LOCALAPPDATA = C:\Users\test\AppData\Local
# ï¿½Â‹ï¿½ï¿½Ïï¿½
PSMODULEPATH = C:\Program Files\WindowsPowerShell\Modules;C:\WINDOWS\system32\WindowsPowerShell\v1.0\Modules
# ï¿½fï¿½tï¿½Hï¿½ï¿½ï¿½g
MAKE_COMMAND := make.exe
# ï¿½Â‹ï¿½ï¿½Ïï¿½
PROCESSOR_ARCHITEW6432 = AMD64
# ï¿½fï¿½tï¿½Hï¿½ï¿½ï¿½g
.VARIABLES := 
# ï¿½ï¿½ï¿½ï¿½ï¿½Ïï¿½
*F = $(notdir $*)
# ï¿½Â‹ï¿½ï¿½Ïï¿½
PROCESSOR_IDENTIFIER = AMD64 Family 23 Model 113 Stepping 0, AuthenticAMD
# ï¿½Â‹ï¿½ï¿½Ïï¿½
OS = Windows_NT
# ï¿½Â‹ï¿½ï¿½Ïï¿½
VSCODE_IPC_HOOK = \\.\pipe\90d8187e88843f6d2ab9add6cf375c00-1.67.1-main-sock
# ï¿½Â‹ï¿½ï¿½Ïï¿½
HOMEPATH = \Users\test
# ï¿½Â‹ï¿½ï¿½Ïï¿½
COMMONPROGRAMFILES(X86) = C:\Program Files (x86)\Common Files
# ï¿½Â‹ï¿½ï¿½Ïï¿½
PROMPT = $P$G
# ï¿½Â‹ï¿½ï¿½Ïï¿½
MFLAGS = -Rrqp
# ï¿½ï¿½ï¿½ï¿½ï¿½Ïï¿½
*D = $(patsubst %/,%,$(dir $*))
# ï¿½Â‹ï¿½ï¿½Ïï¿½
SYSTEMROOT = C:\WINDOWS
# ï¿½ï¿½ï¿½ï¿½ï¿½Ïï¿½
+D = $(patsubst %/,%,$(dir $+))
# ï¿½ï¿½ï¿½ï¿½ï¿½Ïï¿½
+F = $(notdir $+)
# ï¿½Â‹ï¿½ï¿½Ïï¿½
APPDATA = C:\Users\test\AppData\Roaming
# ï¿½Â‹ï¿½ï¿½Ïï¿½
TEMP = C:\Users\test\AppData\Local\Temp
# ï¿½Â‹ï¿½ï¿½Ïï¿½
COMSPEC = C:\WINDOWS\system32\cmd.exe
# ï¿½fï¿½tï¿½Hï¿½ï¿½ï¿½g
MAKEFILES := 
# ï¿½ï¿½ï¿½ï¿½ï¿½Ïï¿½
<F = $(notdir $<)
# ï¿½Â‹ï¿½ï¿½Ïï¿½
LC_ALL = C
# ï¿½ï¿½ï¿½ï¿½ï¿½Ïï¿½
^F = $(notdir $^)
# ï¿½fï¿½tï¿½Hï¿½ï¿½ï¿½g
SUFFIXES := 
# ï¿½Â‹ï¿½ï¿½Ïï¿½
SYSTEMDRIVE = C:
# ï¿½Â‹ï¿½ï¿½Ïï¿½
SESSIONNAME = Console
# ï¿½Â‹ï¿½ï¿½Ïï¿½
PROCESSOR_REVISION = 7100
# ï¿½Â‹ï¿½ï¿½Ïï¿½
VS140COMNTOOLS = C:\Program Files (x86)\Microsoft Visual Studio 14.0\Common7\Tools\
# ï¿½Â‹ï¿½ï¿½Ïï¿½
MAKELEVEL := 0
# ï¿½Â‹ï¿½ï¿½Ïï¿½
LANG = C
# ï¿½Â‹ï¿½ï¿½Ïï¿½
PROCESSOR_LEVEL = 23
# ï¿½Â‹ï¿½ï¿½Ïï¿½
VSCODE_PID = 7856
# ï¿½Â‹ï¿½ï¿½Ïï¿½
USERDOMAIN_ROAMINGPROFILE = DESKTOP-Q4J6BMT
# ï¿½Ïï¿½ï¿½Zï¿½bï¿½gï¿½Ìƒnï¿½bï¿½Vï¿½ï¿½ï¿½eï¿½[ï¿½uï¿½ï¿½ï¿½Ìï¿½ï¿½:
# Load=92/1024=9%, Rehash=0, Collisions=9/112=8%

# Pattern-specific Variable Values

# ï¿½pï¿½^ï¿½[ï¿½ï¿½ï¿½wï¿½ï¿½Ïï¿½ï¿½Ì’lï¿½È‚ï¿½.

# ï¿½fï¿½Bï¿½ï¿½ï¿½Nï¿½gï¿½ï¿½

# C:\Users\test\AppData\Local\Programs\Python\Python38\Scripts\ (key C:/Users/test/AppData/Local/Programs/Python/Python38/Scripts/, mtime 1600411429): 7 ï¿½Â‚Ìƒtï¿½@ï¿½Cï¿½ï¿½, 0 ï¿½Â‚Ì“Kï¿½pï¿½sï¿½\ï¿½tï¿½@ï¿½Cï¿½ï¿½ï¿½ï¿½.
# : ï¿½ï¿½Ô‚ğ’²‚×‚ï¿½ï¿½Ü‚ï¿½ï¿½ï¿½Å‚ï¿½ï¿½ï¿½.
# C:\Program Files\heroku\bin (key C:/Program Files/heroku/bin, mtime 1639115471): 4 ï¿½Â‚Ìƒtï¿½@ï¿½Cï¿½ï¿½, 0 ï¿½Â‚Ì“Kï¿½pï¿½sï¿½\ï¿½tï¿½@ï¿½Cï¿½ï¿½ï¿½ï¿½.
# C:\Program Files\Common Files\Oracle\Java\javapath (key C:/Program Files/Common Files/Oracle/Java/javapath, mtime 1647433617): 6 ï¿½Â‚Ìƒtï¿½@ï¿½Cï¿½ï¿½, 0 ï¿½Â‚Ì“Kï¿½pï¿½sï¿½\ï¿½tï¿½@ï¿½Cï¿½ï¿½ï¿½ï¿½.
# C:\Program Files\Docker\Docker\resources\bin (key C:/Program Files/Docker/Docker/resources/bin, mtime 1651826621): 13 ï¿½Â‚Ìƒtï¿½@ï¿½Cï¿½ï¿½, 0 ï¿½Â‚Ì“Kï¿½pï¿½sï¿½\ï¿½tï¿½@ï¿½Cï¿½ï¿½ï¿½ï¿½.
# C:\Program Files\Go\bin (key C:/Program Files/Go/bin, mtime 1648278721): 4 ï¿½Â‚Ìƒtï¿½@ï¿½Cï¿½ï¿½, 0 ï¿½Â‚Ì“Kï¿½pï¿½sï¿½\ï¿½tï¿½@ï¿½Cï¿½ï¿½ï¿½ï¿½.
# C:\Users\test\go\bin (key C:/Users/test/go/bin, mtime 1651828952): 12 ï¿½Â‚Ìƒtï¿½@ï¿½Cï¿½ï¿½, 0 ï¿½Â‚Ì“Kï¿½pï¿½sï¿½\ï¿½tï¿½@ï¿½Cï¿½ï¿½ï¿½ï¿½.
# C:\Windows\System32\WindowsPowerShell\v1.0\ (key C:/Windows/System32/WindowsPowerShell/v1.0/, mtime 1635664179): 32 ï¿½Â‚Ìƒtï¿½@ï¿½Cï¿½ï¿½, 0 ï¿½Â‚Ì“Kï¿½pï¿½sï¿½\ï¿½tï¿½@ï¿½Cï¿½ï¿½ï¿½ï¿½.
# C:\Windows\System32\Wbem (key C:/Windows/System32/Wbem, mtime 1652271173): 172 ï¿½Â‚Ìƒtï¿½@ï¿½Cï¿½ï¿½, 0 ï¿½Â‚Ì“Kï¿½pï¿½sï¿½\ï¿½tï¿½@ï¿½Cï¿½ï¿½ï¿½ï¿½.
# . (key c:/Users/test/Documents/Projects/shakyou-api, mtime 1652587243): 10 ï¿½Â‚Ìƒtï¿½@ï¿½Cï¿½ï¿½, 0 ï¿½Â‚Ì“Kï¿½pï¿½sï¿½\ï¿½tï¿½@ï¿½Cï¿½ï¿½ï¿½ï¿½.
# C:\Program Files\nodejs\ (key C:/Program Files/nodejs/, mtime 1641181953): 13 ï¿½Â‚Ìƒtï¿½@ï¿½Cï¿½ï¿½, 0 ï¿½Â‚Ì“Kï¿½pï¿½sï¿½\ï¿½tï¿½@ï¿½Cï¿½ï¿½ï¿½ï¿½.
# C:\Program Files (x86)\NVIDIA Corporation\PhysX\Common (key C:/Program Files (x86)/NVIDIA Corporation/PhysX/Common, mtime 1602080628): 10 ï¿½Â‚Ìƒtï¿½@ï¿½Cï¿½ï¿½, 0 ï¿½Â‚Ì“Kï¿½pï¿½sï¿½\ï¿½tï¿½@ï¿½Cï¿½ï¿½ï¿½ï¿½.
# C:\ProgramData\chocolatey\bin (key C:/ProgramData/chocolatey/bin, mtime 1606566798): 13 ï¿½Â‚Ìƒtï¿½@ï¿½Cï¿½ï¿½, 0 ï¿½Â‚Ì“Kï¿½pï¿½sï¿½\ï¿½tï¿½@ï¿½Cï¿½ï¿½ï¿½ï¿½.
# C:\Program Files\dotnet\ (key C:/Program Files/dotnet/, mtime 1618843688): 11 ï¿½Â‚Ìƒtï¿½@ï¿½Cï¿½ï¿½, 0 ï¿½Â‚Ì“Kï¿½pï¿½sï¿½\ï¿½tï¿½@ï¿½Cï¿½ï¿½ï¿½ï¿½.
# C:\Python310\ (key C:/Python310/, mtime 1641182028): 18 ï¿½Â‚Ìƒtï¿½@ï¿½Cï¿½ï¿½, 0 ï¿½Â‚Ì“Kï¿½pï¿½sï¿½\ï¿½tï¿½@ï¿½Cï¿½ï¿½ï¿½ï¿½.
# C:\Program Files\JetBrains\IntelliJ IDEA Community Edition 2020.2.2\bin (key C:/Program Files/JetBrains/IntelliJ IDEA Community Edition 2020.2.2/bin, mtime 1600414134): 30 ï¿½Â‚Ìƒtï¿½@ï¿½Cï¿½ï¿½, 0 ï¿½Â‚Ì“Kï¿½pï¿½sï¿½\ï¿½tï¿½@ï¿½Cï¿½ï¿½ï¿½ï¿½.
# C:\Python310\Scripts\ (key C:/Python310/Scripts/, mtime 1641182028): 5 ï¿½Â‚Ìƒtï¿½@ï¿½Cï¿½ï¿½, 0 ï¿½Â‚Ì“Kï¿½pï¿½sï¿½\ï¿½tï¿½@ï¿½Cï¿½ï¿½ï¿½ï¿½.
# C:\Windows\System32\OpenSSH\: ï¿½ï¿½Ô‚ğ’²‚×‚ï¿½ï¿½Ü‚ï¿½ï¿½ï¿½Å‚ï¿½ï¿½ï¿½.
# C:\ProgramData\DockerDesktop\version-bin (key C:/ProgramData/DockerDesktop/version-bin, mtime 1651826563): 2 ï¿½Â‚Ìƒtï¿½@ï¿½Cï¿½ï¿½, 0 ï¿½Â‚Ì“Kï¿½pï¿½sï¿½\ï¿½tï¿½@ï¿½Cï¿½ï¿½ï¿½ï¿½.
# C:\Windows (key C:/Windows, mtime 1602773585): 128 ï¿½Â‚Ìƒtï¿½@ï¿½Cï¿½ï¿½, 0 ï¿½Â‚Ì“Kï¿½pï¿½sï¿½\ï¿½tï¿½@ï¿½Cï¿½ï¿½ï¿½ï¿½.
# C:\Users\test\AppData\Local\Programs\Microsoft VS Code\bin (key C:/Users/test/AppData/Local/Programs/Microsoft VS Code/bin, mtime 1652277162): 4 ï¿½Â‚Ìƒtï¿½@ï¿½Cï¿½ï¿½, 0 ï¿½Â‚Ì“Kï¿½pï¿½sï¿½\ï¿½tï¿½@ï¿½Cï¿½ï¿½ï¿½ï¿½.
# C:\Users\test\AppData\Roaming\npm (key C:/Users/test/AppData/Roaming/npm, mtime 1645769138): 31 ï¿½Â‚Ìƒtï¿½@ï¿½Cï¿½ï¿½, 0 ï¿½Â‚Ì“Kï¿½pï¿½sï¿½\ï¿½tï¿½@ï¿½Cï¿½ï¿½ï¿½ï¿½.
# C:\Users\test\.dotnet\tools: ï¿½ï¿½Ô‚ğ’²‚×‚ï¿½ï¿½Ü‚ï¿½ï¿½ï¿½Å‚ï¿½ï¿½ï¿½.
# C:\Python39\ (key C:/Python39/, mtime 1619187535): 18 ï¿½Â‚Ìƒtï¿½@ï¿½Cï¿½ï¿½, 0 ï¿½Â‚Ì“Kï¿½pï¿½sï¿½\ï¿½tï¿½@ï¿½Cï¿½ï¿½ï¿½ï¿½.
# C:\Program Files (x86)\Nmap (key C:/Program Files (x86)/Nmap, mtime 1602657156): 37 ï¿½Â‚Ìƒtï¿½@ï¿½Cï¿½ï¿½, 0 ï¿½Â‚Ì“Kï¿½pï¿½sï¿½\ï¿½tï¿½@ï¿½Cï¿½ï¿½ï¿½ï¿½.
# C:\Python39\Scripts\ (key C:/Python39/Scripts/, mtime 1641876859): 25 ï¿½Â‚Ìƒtï¿½@ï¿½Cï¿½ï¿½, 0 ï¿½Â‚Ì“Kï¿½pï¿½sï¿½\ï¿½tï¿½@ï¿½Cï¿½ï¿½ï¿½ï¿½.
# C:\Program Files\Git\cmd (key C:/Program Files/Git/cmd, mtime 1616395403): 8 ï¿½Â‚Ìƒtï¿½@ï¿½Cï¿½ï¿½, 0 ï¿½Â‚Ì“Kï¿½pï¿½sï¿½\ï¿½tï¿½@ï¿½Cï¿½ï¿½ï¿½ï¿½.
# C:\Windows\system32 (key C:/Windows/system32, mtime 1652277010): 3097 ï¿½Â‚Ìƒtï¿½@ï¿½Cï¿½ï¿½, 0 ï¿½Â‚Ì“Kï¿½pï¿½sï¿½\ï¿½tï¿½@ï¿½Cï¿½ï¿½ï¿½ï¿½.
# C:\Users\test\.cargo\bin (key C:/Users/test/.cargo/bin, mtime 1645091013): 14 ï¿½Â‚Ìƒtï¿½@ï¿½Cï¿½ï¿½, 0 ï¿½Â‚Ì“Kï¿½pï¿½sï¿½\ï¿½tï¿½@ï¿½Cï¿½ï¿½ï¿½ï¿½.
# C:\Program Files\CMake\bin (key C:/Program Files/CMake/bin, mtime 1612625397): 7 ï¿½Â‚Ìƒtï¿½@ï¿½Cï¿½ï¿½, 0 ï¿½Â‚Ì“Kï¿½pï¿½sï¿½\ï¿½tï¿½@ï¿½Cï¿½ï¿½ï¿½ï¿½.
# C:\Users\test\AppData\Local\Programs\Python\Python38\ (key C:/Users/test/AppData/Local/Programs/Python/Python38/, mtime 1600411426): 18 ï¿½Â‚Ìƒtï¿½@ï¿½Cï¿½ï¿½, 0 ï¿½Â‚Ì“Kï¿½pï¿½sï¿½\ï¿½tï¿½@ï¿½Cï¿½ï¿½ï¿½ï¿½.
# C:\Users\test\AppData\Local\GitHubDesktop\bin (key C:/Users/test/AppData/Local/GitHubDesktop/bin, mtime 1605672198): 4 ï¿½Â‚Ìƒtï¿½@ï¿½Cï¿½ï¿½, 0 ï¿½Â‚Ì“Kï¿½pï¿½sï¿½\ï¿½tï¿½@ï¿½Cï¿½ï¿½ï¿½ï¿½.
# C:\Users\test\AppData\Local\Microsoft\WindowsApps (key C:/Users/test/AppData/Local/Microsoft/WindowsApps, mtime 1652195493): 29 ï¿½Â‚Ìƒtï¿½@ï¿½Cï¿½ï¿½, 0 ï¿½Â‚Ì“Kï¿½pï¿½sï¿½\ï¿½tï¿½@ï¿½Cï¿½ï¿½ï¿½ï¿½.
# C:\Program Files\NVIDIA Corporation\NVIDIA NvDLISR (key C:/Program Files/NVIDIA Corporation/NVIDIA NvDLISR, mtime 1602080634): 5 ï¿½Â‚Ìƒtï¿½@ï¿½Cï¿½ï¿½, 0 ï¿½Â‚Ì“Kï¿½pï¿½sï¿½\ï¿½tï¿½@ï¿½Cï¿½ï¿½ï¿½ï¿½.
# C:\Program Files (x86)\GnuWin32\bin (key C:/Program Files (x86)/GnuWin32/bin, mtime 1616045483): 5 ï¿½Â‚Ìƒtï¿½@ï¿½Cï¿½ï¿½, 0 ï¿½Â‚Ì“Kï¿½pï¿½sï¿½\ï¿½tï¿½@ï¿½Cï¿½ï¿½ï¿½ï¿½.

# 3792 ï¿½Â‚Ìƒtï¿½@ï¿½Cï¿½ï¿½, 0 ï¿½Â‚Ì“Kï¿½pï¿½sï¿½\ï¿½tï¿½@ï¿½Cï¿½ï¿½ï¿½ï¿½ (35 ï¿½Â‚Ìƒfï¿½Bï¿½ï¿½ï¿½Nï¿½gï¿½ï¿½ï¿½ï¿½).

# ï¿½Ã–Ùƒï¿½ï¿½[ï¿½ï¿½

# ï¿½Ã–Ùƒï¿½ï¿½[ï¿½ï¿½ï¿½È‚ï¿½.

# ï¿½tï¿½@ï¿½Cï¿½ï¿½

# ï¿½^ï¿½[ï¿½Qï¿½bï¿½gï¿½Å‚Í‚ï¿½ï¿½ï¿½Ü‚ï¿½ï¿½ï¿½:
all:
#  ï¿½Rï¿½}ï¿½ï¿½ï¿½hï¿½ï¿½ï¿½Cï¿½ï¿½ï¿½^ï¿½[ï¿½Qï¿½bï¿½g.
#  ï¿½Ã–Ùƒï¿½ï¿½[ï¿½ï¿½ï¿½Ì’Tï¿½ï¿½ï¿½ï¿½ï¿½sï¿½ï¿½ï¿½Ü‚ï¿½ï¿½ï¿½.
#  ï¿½tï¿½@ï¿½Cï¿½ï¿½ï¿½ï¿½ï¿½ï¿½ï¿½İ‚ï¿½ï¿½Ü‚ï¿½ï¿½ï¿½.
#  ï¿½tï¿½@ï¿½Cï¿½ï¿½ï¿½ÍXï¿½Vï¿½ï¿½ï¿½ï¿½Ä‚ï¿½ï¿½Ü‚ï¿½ï¿½ï¿½.
# ï¿½Ïï¿½ï¿½Zï¿½bï¿½gï¿½Ìƒnï¿½bï¿½Vï¿½ï¿½ï¿½eï¿½[ï¿½uï¿½ï¿½ï¿½Ìï¿½ï¿½:
# Load=0/32=0%, Rehash=0, Collisions=0/0=0%

# ï¿½^ï¿½[ï¿½Qï¿½bï¿½gï¿½Å‚Í‚ï¿½ï¿½ï¿½Ü‚ï¿½ï¿½ï¿½:
.DEFAULT:
#  ï¿½Ã–Ùƒï¿½ï¿½[ï¿½ï¿½ï¿½Ì’Tï¿½ï¿½ï¿½Ísï¿½ï¿½ï¿½Ü‚ï¿½ï¿½ï¿½Å‚ï¿½ï¿½ï¿½.
#  ï¿½Cï¿½ï¿½ï¿½ï¿½ï¿½ï¿½ï¿½ï¿½ï¿½`ï¿½Fï¿½bï¿½Nï¿½ï¿½ï¿½ï¿½é‚±ï¿½Æ‚Í‚ï¿½ï¿½ï¿½Ü‚ï¿½ï¿½ï¿½.
#  ï¿½tï¿½@ï¿½Cï¿½ï¿½ï¿½ÍXï¿½Vï¿½ï¿½ï¿½ï¿½Ä‚ï¿½ï¿½Ü‚ï¿½ï¿½ï¿½.

up:
#  ï¿½Ã–Ùƒï¿½ï¿½[ï¿½ï¿½ï¿½Ì’Tï¿½ï¿½ï¿½Ísï¿½ï¿½ï¿½Ü‚ï¿½ï¿½ï¿½Å‚ï¿½ï¿½ï¿½.
#  ï¿½Cï¿½ï¿½ï¿½ï¿½ï¿½ï¿½ï¿½ï¿½ï¿½`ï¿½Fï¿½bï¿½Nï¿½ï¿½ï¿½ï¿½é‚±ï¿½Æ‚Í‚ï¿½ï¿½ï¿½Ü‚ï¿½ï¿½ï¿½.
#  ï¿½tï¿½@ï¿½Cï¿½ï¿½ï¿½ÍXï¿½Vï¿½ï¿½ï¿½ï¿½Ä‚ï¿½ï¿½Ü‚ï¿½ï¿½ï¿½.
#  ï¿½ï¿½ï¿½sï¿½ï¿½ï¿½ï¿½Rï¿½}ï¿½ï¿½ï¿½h (`makefile', 2 ï¿½sï¿½Ú‚ï¿½ï¿½ï¿½):
	docker-compose up -d
	

remove:
#  ï¿½Ã–Ùƒï¿½ï¿½[ï¿½ï¿½ï¿½Ì’Tï¿½ï¿½ï¿½Ísï¿½ï¿½ï¿½Ü‚ï¿½ï¿½ï¿½Å‚ï¿½ï¿½ï¿½.
#  ï¿½Cï¿½ï¿½ï¿½ï¿½ï¿½ï¿½ï¿½ï¿½ï¿½`ï¿½Fï¿½bï¿½Nï¿½ï¿½ï¿½ï¿½é‚±ï¿½Æ‚Í‚ï¿½ï¿½ï¿½Ü‚ï¿½ï¿½ï¿½.
#  ï¿½tï¿½@ï¿½Cï¿½ï¿½ï¿½ÍXï¿½Vï¿½ï¿½ï¿½ï¿½Ä‚ï¿½ï¿½Ü‚ï¿½ï¿½ï¿½.
#  ï¿½ï¿½ï¿½sï¿½ï¿½ï¿½ï¿½Rï¿½}ï¿½ï¿½ï¿½h (`makefile', 8 ï¿½sï¿½Ú‚ï¿½ï¿½ï¿½):
	docker-compose down --rmi all --volumes --remove-orphans
	

# ï¿½^ï¿½[ï¿½Qï¿½bï¿½gï¿½Å‚Í‚ï¿½ï¿½ï¿½Ü‚ï¿½ï¿½ï¿½:
makefile:
#  ï¿½Ã–Ùƒï¿½ï¿½[ï¿½ï¿½ï¿½Ì’Tï¿½ï¿½ï¿½ï¿½ï¿½sï¿½ï¿½ï¿½Ü‚ï¿½ï¿½ï¿½.
#  ï¿½ÅIï¿½Cï¿½ï¿½ 2022-05-07 00:46:34
#  ï¿½tï¿½@ï¿½Cï¿½ï¿½ï¿½ÍXï¿½Vï¿½ï¿½ï¿½ï¿½Ä‚ï¿½ï¿½Ü‚ï¿½.
#  ï¿½Xï¿½Vï¿½Éï¿½ï¿½ï¿½ï¿½ï¿½ï¿½Ü‚ï¿½ï¿½ï¿½.
# ï¿½Ïï¿½ï¿½Zï¿½bï¿½gï¿½Ìƒnï¿½bï¿½Vï¿½ï¿½ï¿½eï¿½[ï¿½uï¿½ï¿½ï¿½Ìï¿½ï¿½:
# Load=0/32=0%, Rehash=0, Collisions=0/0=0%

reload:
#  ï¿½Ã–Ùƒï¿½ï¿½[ï¿½ï¿½ï¿½Ì’Tï¿½ï¿½ï¿½Ísï¿½ï¿½ï¿½Ü‚ï¿½ï¿½ï¿½Å‚ï¿½ï¿½ï¿½.
#  ï¿½Cï¿½ï¿½ï¿½ï¿½ï¿½ï¿½ï¿½ï¿½ï¿½`ï¿½Fï¿½bï¿½Nï¿½ï¿½ï¿½ï¿½é‚±ï¿½Æ‚Í‚ï¿½ï¿½ï¿½Ü‚ï¿½ï¿½ï¿½.
#  ï¿½tï¿½@ï¿½Cï¿½ï¿½ï¿½ÍXï¿½Vï¿½ï¿½ï¿½ï¿½Ä‚ï¿½ï¿½Ü‚ï¿½ï¿½ï¿½.
#  ï¿½ï¿½ï¿½sï¿½ï¿½ï¿½ï¿½Rï¿½}ï¿½ï¿½ï¿½h (`makefile', 6 ï¿½sï¿½Ú‚ï¿½ï¿½ï¿½):
	docker-compose restart
	

# ï¿½^ï¿½[ï¿½Qï¿½bï¿½gï¿½Å‚Í‚ï¿½ï¿½ï¿½Ü‚ï¿½ï¿½ï¿½:
.SUFFIXES:
#  ï¿½Ã–Ùƒï¿½ï¿½[ï¿½ï¿½ï¿½Ì’Tï¿½ï¿½ï¿½Ísï¿½ï¿½ï¿½Ü‚ï¿½ï¿½ï¿½Å‚ï¿½ï¿½ï¿½.
#  ï¿½Cï¿½ï¿½ï¿½ï¿½ï¿½ï¿½ï¿½ï¿½ï¿½`ï¿½Fï¿½bï¿½Nï¿½ï¿½ï¿½ï¿½é‚±ï¿½Æ‚Í‚ï¿½ï¿½ï¿½Ü‚ï¿½ï¿½ï¿½.
#  ï¿½tï¿½@ï¿½Cï¿½ï¿½ï¿½ÍXï¿½Vï¿½ï¿½ï¿½ï¿½Ä‚ï¿½ï¿½Ü‚ï¿½ï¿½ï¿½.

logs:
#  ï¿½Ã–Ùƒï¿½ï¿½[ï¿½ï¿½ï¿½Ì’Tï¿½ï¿½ï¿½Ísï¿½ï¿½ï¿½Ü‚ï¿½ï¿½ï¿½Å‚ï¿½ï¿½ï¿½.
#  ï¿½Cï¿½ï¿½ï¿½ï¿½ï¿½ï¿½ï¿½ï¿½ï¿½`ï¿½Fï¿½bï¿½Nï¿½ï¿½ï¿½ï¿½é‚±ï¿½Æ‚Í‚ï¿½ï¿½ï¿½Ü‚ï¿½ï¿½ï¿½.
#  ï¿½tï¿½@ï¿½Cï¿½ï¿½ï¿½ÍXï¿½Vï¿½ï¿½ï¿½ï¿½Ä‚ï¿½ï¿½Ü‚ï¿½ï¿½ï¿½.
#  ï¿½ï¿½ï¿½sï¿½ï¿½ï¿½ï¿½Rï¿½}ï¿½ï¿½ï¿½h (`makefile', 10 ï¿½sï¿½Ú‚ï¿½ï¿½ï¿½):
	docker-compose logs
	

shell:
#  ï¿½Ã–Ùƒï¿½ï¿½[ï¿½ï¿½ï¿½Ì’Tï¿½ï¿½ï¿½Ísï¿½ï¿½ï¿½Ü‚ï¿½ï¿½ï¿½Å‚ï¿½ï¿½ï¿½.
#  ï¿½Cï¿½ï¿½ï¿½ï¿½ï¿½ï¿½ï¿½ï¿½ï¿½`ï¿½Fï¿½bï¿½Nï¿½ï¿½ï¿½ï¿½é‚±ï¿½Æ‚Í‚ï¿½ï¿½ï¿½Ü‚ï¿½ï¿½ï¿½.
#  ï¿½tï¿½@ï¿½Cï¿½ï¿½ï¿½ÍXï¿½Vï¿½ï¿½ï¿½ï¿½Ä‚ï¿½ï¿½Ü‚ï¿½ï¿½ï¿½.
#  ï¿½ï¿½ï¿½sï¿½ï¿½ï¿½ï¿½Rï¿½}ï¿½ï¿½ï¿½h (`makefile', 12 ï¿½sï¿½Ú‚ï¿½ï¿½ï¿½):
	docker-compose exec api bash
	

reup:
#  ï¿½Ã–Ùƒï¿½ï¿½[ï¿½ï¿½ï¿½Ì’Tï¿½ï¿½ï¿½Ísï¿½ï¿½ï¿½Ü‚ï¿½ï¿½ï¿½Å‚ï¿½ï¿½ï¿½.
#  ï¿½Cï¿½ï¿½ï¿½ï¿½ï¿½ï¿½ï¿½ï¿½ï¿½`ï¿½Fï¿½bï¿½Nï¿½ï¿½ï¿½ï¿½é‚±ï¿½Æ‚Í‚ï¿½ï¿½ï¿½Ü‚ï¿½ï¿½ï¿½.
#  ï¿½tï¿½@ï¿½Cï¿½ï¿½ï¿½ÍXï¿½Vï¿½ï¿½ï¿½ï¿½Ä‚ï¿½ï¿½Ü‚ï¿½ï¿½ï¿½.
#  ï¿½ï¿½ï¿½sï¿½ï¿½ï¿½ï¿½Rï¿½}ï¿½ï¿½ï¿½h (`makefile', 14 ï¿½sï¿½Ú‚ï¿½ï¿½ï¿½):
	make remove
	make up
	

down:
#  ï¿½Ã–Ùƒï¿½ï¿½[ï¿½ï¿½ï¿½Ì’Tï¿½ï¿½ï¿½Ísï¿½ï¿½ï¿½Ü‚ï¿½ï¿½ï¿½Å‚ï¿½ï¿½ï¿½.
#  ï¿½Cï¿½ï¿½ï¿½ï¿½ï¿½ï¿½ï¿½ï¿½ï¿½`ï¿½Fï¿½bï¿½Nï¿½ï¿½ï¿½ï¿½é‚±ï¿½Æ‚Í‚ï¿½ï¿½ï¿½Ü‚ï¿½ï¿½ï¿½.
#  ï¿½tï¿½@ï¿½Cï¿½ï¿½ï¿½ÍXï¿½Vï¿½ï¿½ï¿½ï¿½Ä‚ï¿½ï¿½Ü‚ï¿½ï¿½ï¿½.
#  ï¿½ï¿½ï¿½sï¿½ï¿½ï¿½ï¿½Rï¿½}ï¿½ï¿½ï¿½h (`makefile', 4 ï¿½sï¿½Ú‚ï¿½ï¿½ï¿½):
	docker-compose down
	

# ï¿½tï¿½@ï¿½Cï¿½ï¿½ï¿½nï¿½bï¿½Vï¿½ï¿½ï¿½eï¿½[ï¿½uï¿½ï¿½ï¿½Ìï¿½ï¿½:
# Load=11/1024=1%, Rehash=0, Collisions=1/22=5%
# VPATH ï¿½Tï¿½ï¿½ï¿½pï¿½X

# `vpath' ï¿½Tï¿½ï¿½ï¿½pï¿½Xï¿½Í‚ï¿½ï¿½ï¿½Ü‚ï¿½ï¿½ï¿½

# ï¿½ï¿½Ê‚ï¿½ (`VPATH' ï¿½Ïï¿½) ï¿½Tï¿½ï¿½ï¿½pï¿½Xï¿½È‚ï¿½.

# # of strings in strcache: 1
# # of strcache buffers: 1
# strcache size: total = 4096 / max = 4096 / min = 4096 / avg = 4096
# strcache free: total = 4087 / max = 4087 / min = 4087 / avg = 4087

# Make ï¿½fï¿½[ï¿½^ï¿½xï¿½[ï¿½Xï¿½Iï¿½ï¿½ Sun May 15 13:00:43 2022

 
make.exe: *** ï¿½^ï¿½[ï¿½Qï¿½bï¿½g `all' ï¿½ï¿½ make ï¿½ï¿½ï¿½éƒ‹ï¿½[ï¿½ï¿½ï¿½ï¿½ï¿½ï¿½ï¿½ï¿½Ü‚ï¿½ï¿½ï¿½.  ï¿½ï¿½ï¿½~.

